<?xml version="1.0" encoding="UTF-8"?>
<!-- Generated by org.testng.reporters.JUnitReportReporter -->
<testsuite hostname="Yeager" failures="0" tests="4" name="AnkitSeleniumLearning.Tests.SubmitOrderTest" time="32.175" errors="0" timestamp="2024-02-21T16:41:35 IST" skipped="0">
  <testcase classname="AnkitSeleniumLearning.Tests.SubmitOrderTest" name="submitOrder" time="13.913"/>
  <system-out/>
  <testcase classname="AnkitSeleniumLearning.Tests.SubmitOrderTest" name="orderHistory" time="5.334"/>
  <system-out/>
  <testcase classname="AnkitSeleniumLearning.Tests.SubmitOrderTest" name="submitOrder" time="10.517"/>
  <system-out/>
  <testcase classname="AnkitSeleniumLearning.Tests.SubmitOrderTest" name="orderHistory" time="2.411"/>
  <system-out/>
</testsuite> <!-- AnkitSeleniumLearning.Tests.SubmitOrderTest -->
