<?xml version="1.0" encoding="UTF-8"?>
<!-- Generated by org.testng.reporters.JUnitReportReporter -->
<testsuite hostname="Yeager" failures="0" tests="1" name="Cucumber.TestNGTestRunner" time="12.692" errors="0" timestamp="2024-03-02T04:13:15 IST" skipped="0">
  <testcase classname="Cucumber.TestNGTestRunner" name="runScenario" time="12.692"/>
</testsuite> <!-- Cucumber.TestNGTestRunner -->
